SF:lib/common/exception.dart
DA:6,4
LF:1
LH:1
end_of_record
SF:lib/data/datasources/tv_series_remote_data_source.dart
DA:24,1
DA:27,1
DA:30,4
DA:32,2
DA:33,4
DA:35,1
DA:39,1
DA:41,4
DA:43,2
DA:44,3
DA:46,1
DA:50,0
DA:52,0
DA:53,0
DA:55,0
DA:56,0
DA:58,0
DA:62,1
DA:65,4
DA:67,2
DA:68,4
DA:70,1
DA:74,1
DA:77,4
DA:79,2
DA:80,4
DA:82,1
DA:86,1
DA:88,1
DA:89,3
DA:91,2
DA:92,4
DA:94,1
LF:33
LH:27
end_of_record
SF:lib/data/models/tv_series_detail_model.dart
DA:15,2
DA:26,1
DA:27,1
DA:28,1
DA:29,1
DA:30,1
DA:31,4
DA:32,1
DA:33,1
DA:34,1
DA:35,1
DA:36,1
DA:39,1
DA:40,1
DA:41,1
DA:42,1
DA:43,3
DA:44,1
DA:45,1
DA:46,1
DA:47,1
DA:48,1
DA:52,1
DA:53,1
DA:54,1
DA:55,1
DA:56,1
DA:57,1
DA:58,1
DA:59,1
DA:60,1
DA:61,1
LF:32
LH:32
end_of_record
SF:lib/data/models/tv_series_response.dart
DA:7,2
DA:9,2
DA:10,2
DA:11,4
DA:12,6
DA:13,6
DA:16,2
DA:17,5
DA:20,1
DA:21,2
LF:10
LH:10
end_of_record
SF:lib/common/failure.dart
DA:6,14
DA:8,2
DA:9,4
DA:13,28
DA:17,4
DA:21,4
LF:6
LH:6
end_of_record
SF:lib/data/datasources/db/database_helper.dart
DA:9,0
DA:13,0
DA:17,0
DA:19,0
DA:27,0
DA:28,0
DA:29,0
DA:31,0
DA:35,0
DA:36,0
DA:43,0
DA:45,0
DA:52,0
DA:55,0
DA:56,0
DA:57,0
DA:60,0
DA:61,0
DA:62,0
DA:65,0
DA:69,0
DA:70,0
DA:71,0
DA:74,0
DA:77,0
DA:78,0
DA:84,0
DA:85,0
DA:86,0
DA:92,0
DA:93,0
DA:94,0
DA:97,0
DA:98,0
DA:99,0
DA:102,0
DA:106,0
DA:107,0
DA:108,0
DA:111,0
DA:114,0
DA:115,0
DA:121,0
DA:122,0
DA:124,0
LF:45
LH:0
end_of_record
SF:lib/data/datasources/movie_local_data_source.dart
DA:15,1
DA:17,1
DA:20,2
DA:23,2
DA:27,1
DA:30,2
DA:33,2
DA:37,1
DA:39,2
DA:41,1
DA:47,1
DA:49,2
DA:50,4
LF:13
LH:13
end_of_record
SF:lib/data/datasources/movie_remote_data_source.dart
DA:24,1
DA:26,1
DA:29,4
DA:31,2
DA:32,4
DA:34,1
DA:38,1
DA:41,4
DA:43,2
DA:44,3
DA:46,1
DA:50,1
DA:52,1
DA:53,3
DA:55,2
DA:56,4
DA:58,1
DA:62,1
DA:65,4
DA:67,2
DA:68,4
DA:70,1
DA:74,1
DA:77,4
DA:79,2
DA:80,4
DA:82,1
DA:86,1
DA:88,1
DA:89,3
DA:91,2
DA:92,4
DA:94,1
LF:33
LH:33
end_of_record
SF:lib/data/datasources/tv_series_local_data_source.dart
DA:16,1
DA:18,1
DA:21,2
DA:24,2
DA:28,1
DA:31,2
DA:34,2
DA:38,1
DA:40,2
DA:42,1
DA:48,1
DA:50,2
DA:51,4
LF:13
LH:13
end_of_record
SF:lib/data/models/movie_detail_model.dart
DA:6,2
DA:52,1
DA:53,1
DA:54,1
DA:55,1
DA:56,1
DA:57,1
DA:58,4
DA:59,1
DA:60,1
DA:61,1
DA:62,1
DA:63,1
DA:64,1
DA:65,2
DA:66,1
DA:67,1
DA:68,1
DA:69,1
DA:70,1
DA:71,1
DA:72,1
DA:73,1
DA:74,2
DA:75,1
DA:78,0
DA:79,0
DA:80,0
DA:81,0
DA:82,0
DA:83,0
DA:84,0
DA:85,0
DA:86,0
DA:87,0
DA:88,0
DA:89,0
DA:90,0
DA:91,0
DA:92,0
DA:93,0
DA:94,0
DA:95,0
DA:96,0
DA:97,0
DA:98,0
DA:99,0
DA:102,1
DA:103,1
DA:104,1
DA:105,1
DA:106,5
DA:107,1
DA:108,1
DA:109,1
DA:110,1
DA:111,1
DA:112,1
DA:113,1
DA:114,1
DA:115,1
DA:119,1
DA:121,1
DA:122,1
DA:123,1
DA:124,1
DA:125,1
DA:126,1
DA:127,1
DA:128,1
DA:129,1
DA:130,1
DA:131,1
DA:132,1
DA:133,1
DA:134,1
DA:135,1
DA:136,1
DA:137,1
DA:138,1
DA:139,1
DA:140,1
DA:141,1
DA:142,1
LF:84
LH:62
end_of_record
SF:lib/data/models/movie_model.dart
DA:5,4
DA:35,4
DA:36,2
DA:37,2
DA:38,8
DA:39,2
DA:40,2
DA:41,2
DA:42,4
DA:43,2
DA:44,2
DA:45,2
DA:46,2
DA:47,4
DA:48,2
DA:51,2
DA:52,1
DA:53,1
DA:54,4
DA:55,1
DA:56,1
DA:57,1
DA:58,1
DA:59,1
DA:60,1
DA:61,1
DA:62,1
DA:63,1
DA:64,1
DA:67,2
DA:68,2
DA:69,2
DA:70,2
DA:71,2
DA:72,2
DA:73,2
DA:74,2
DA:75,2
DA:76,2
DA:77,2
DA:78,2
DA:79,2
DA:80,2
DA:81,2
DA:85,2
DA:86,2
DA:87,2
DA:88,2
DA:89,2
DA:90,2
DA:91,2
DA:92,2
DA:93,2
DA:94,2
DA:95,2
DA:96,2
DA:97,2
DA:98,2
DA:99,2
LF:59
LH:59
end_of_record
SF:lib/data/models/movie_table.dart
DA:11,2
DA:18,2
DA:19,1
DA:20,1
DA:21,1
DA:22,1
DA:25,2
DA:26,1
DA:27,1
DA:28,1
DA:29,1
DA:32,0
DA:33,0
DA:34,0
DA:35,0
DA:36,0
DA:39,2
DA:40,1
DA:41,1
DA:42,1
DA:43,1
DA:46,2
DA:48,10
LF:23
LH:18
end_of_record
SF:lib/data/models/tv_series_model.dart
DA:5,0
DA:6,0
DA:8,0
DA:11,4
DA:41,4
DA:42,2
DA:43,2
DA:44,8
DA:45,2
DA:46,2
DA:47,8
DA:48,2
DA:49,2
DA:50,2
DA:51,4
DA:52,2
DA:53,4
DA:54,2
DA:57,2
DA:58,1
DA:59,1
DA:60,4
DA:61,1
DA:62,1
DA:63,4
DA:64,1
DA:65,1
DA:66,1
DA:67,1
DA:68,1
DA:69,1
DA:70,1
DA:73,2
DA:74,2
DA:75,4
DA:76,2
DA:77,2
DA:78,2
DA:79,2
DA:80,2
DA:81,2
DA:82,2
DA:83,2
DA:84,2
DA:85,2
DA:86,2
DA:87,2
DA:91,2
DA:92,2
DA:93,2
DA:94,2
DA:95,2
DA:96,2
DA:97,2
DA:98,2
DA:99,2
DA:100,2
DA:101,2
DA:102,2
DA:103,2
DA:104,2
DA:105,2
LF:62
LH:59
end_of_record
SF:lib/data/models/tv_series_table.dart
DA:11,2
DA:18,2
DA:19,1
DA:20,1
DA:21,1
DA:22,1
DA:25,2
DA:26,1
DA:27,1
DA:28,1
DA:29,1
DA:32,0
DA:33,0
DA:34,0
DA:35,0
DA:36,0
DA:39,2
DA:40,1
DA:41,1
DA:42,1
DA:43,1
DA:46,2
DA:47,10
LF:23
LH:18
end_of_record
SF:lib/domain/entities/movie.dart
DA:5,9
DA:21,1
DA:42,8
DA:43,8
DA:44,8
DA:45,8
DA:46,8
DA:47,8
DA:48,8
DA:49,8
DA:50,8
DA:51,8
DA:52,8
DA:53,8
DA:54,8
DA:55,8
DA:56,8
LF:17
LH:17
end_of_record
SF:lib/domain/entities/movie_detail.dart
DA:5,6
DA:33,2
DA:34,2
DA:35,2
DA:36,2
DA:37,2
DA:38,2
DA:39,2
DA:40,2
DA:41,2
DA:42,2
DA:43,2
DA:44,2
DA:45,2
LF:14
LH:14
end_of_record
SF:lib/domain/entities/tv_series.dart
DA:5,9
DA:21,1
DA:42,8
DA:43,8
DA:44,8
DA:45,8
DA:46,8
DA:47,8
DA:48,8
DA:49,8
DA:50,8
DA:51,8
DA:52,8
DA:53,8
DA:54,8
DA:55,8
DA:56,8
LF:17
LH:17
end_of_record
SF:lib/domain/entities/tv_series_detail.dart
DA:5,6
DA:25,2
DA:26,2
DA:27,2
DA:28,2
DA:29,2
DA:30,2
DA:31,2
DA:32,2
DA:33,2
DA:34,2
LF:11
LH:11
end_of_record
SF:lib/domain/entities/genre.dart
DA:4,12
DA:12,3
DA:13,9
LF:3
LH:3
end_of_record
SF:lib/domain/usecases/get_tv_series_detail.dart
DA:8,1
DA:12,1
DA:13,2
LF:3
LH:3
end_of_record
SF:lib/domain/usecases/get_tv_series_recommendations.dart
DA:8,1
DA:12,1
DA:13,2
LF:3
LH:3
end_of_record
SF:lib/domain/usecases/get_tv_series_watchlist_status.dart
DA:6,1
DA:8,1
DA:9,2
LF:3
LH:3
end_of_record
SF:lib/domain/usecases/remove_tv_series_watchlist.dart
DA:9,1
DA:11,1
DA:12,2
LF:3
LH:3
end_of_record
SF:lib/domain/usecases/save_tv_series_watchlist.dart
DA:9,1
DA:11,1
DA:12,2
LF:3
LH:3
end_of_record
SF:lib/presentation/bloc/tv_series_detail/tv_series_detail_event.dart
DA:4,1
DA:6,0
DA:7,0
DA:12,1
DA:16,0
DA:17,0
LF:6
LH:2
end_of_record
SF:lib/presentation/bloc/tv_series_detail/tv_series_detail_state.dart
DA:4,1
DA:6,1
DA:7,1
DA:17,1
DA:19,1
DA:20,2
DA:27,1
DA:35,1
DA:36,4
LF:9
LH:9
end_of_record
SF:lib/presentation/bloc/tv_series_detail/tv_series_detail_bloc.dart
DA:18,1
DA:22,2
DA:23,2
DA:24,2
DA:25,3
DA:27,3
DA:28,3
DA:30,1
DA:31,2
DA:32,2
DA:34,2
DA:35,4
DA:36,3
LF:13
LH:13
end_of_record
SF:lib/data/models/movie_response.dart
DA:7,2
DA:9,4
DA:10,4
DA:11,6
DA:12,6
DA:15,2
DA:16,5
DA:19,1
DA:20,2
LF:9
LH:9
end_of_record
SF:lib/data/models/genre_model.dart
DA:5,3
DA:13,4
DA:14,2
DA:15,2
DA:18,0
DA:19,0
DA:20,0
DA:23,1
DA:24,3
DA:27,2
DA:28,6
LF:11
LH:8
end_of_record
SF:lib/data/repositories/movie_repository_impl.dart
DA:17,1
DA:22,1
DA:25,2
DA:26,5
DA:27,1
DA:28,2
DA:29,1
DA:30,2
DA:34,1
DA:37,2
DA:38,2
DA:39,1
DA:40,2
DA:41,1
DA:42,2
DA:46,1
DA:49,2
DA:50,3
DA:51,1
DA:52,2
DA:53,1
DA:54,2
DA:58,1
DA:61,2
DA:62,5
DA:63,1
DA:64,2
DA:65,1
DA:66,2
DA:70,1
DA:73,2
DA:74,5
DA:75,1
DA:76,2
DA:77,1
DA:78,2
DA:82,1
DA:85,2
DA:86,5
DA:87,1
DA:88,2
DA:89,1
DA:90,2
DA:94,1
DA:98,3
DA:99,1
DA:100,1
DA:101,3
DA:107,1
DA:111,3
DA:112,1
DA:113,1
DA:114,3
DA:118,1
DA:120,2
DA:124,1
DA:126,2
DA:127,5
LF:58
LH:58
end_of_record
SF:lib/data/repositories/tv_series_repository_impl.dart
DA:17,1
DA:21,1
DA:24,2
DA:25,5
DA:26,1
DA:27,2
DA:28,1
DA:29,2
DA:33,1
DA:36,2
DA:37,2
DA:38,1
DA:39,2
DA:40,1
DA:41,2
DA:45,1
DA:49,2
DA:50,3
DA:51,1
DA:52,2
DA:53,1
DA:54,2
DA:58,1
DA:61,2
DA:62,5
DA:63,1
DA:64,2
DA:65,1
DA:66,2
DA:70,1
DA:73,2
DA:74,5
DA:75,1
DA:76,2
DA:77,1
DA:78,2
DA:82,1
DA:85,2
DA:86,5
DA:87,1
DA:88,2
DA:89,1
DA:90,2
DA:94,1
DA:98,1
DA:99,2
DA:100,1
DA:101,1
DA:102,3
DA:108,1
DA:112,1
DA:113,2
DA:114,1
DA:115,1
DA:116,3
DA:120,1
DA:122,2
DA:126,1
DA:128,2
DA:129,5
LF:60
LH:60
end_of_record
SF:lib/domain/usecases/get_top_rated_movies.dart
DA:9,1
DA:11,1
DA:12,2
LF:3
LH:3
end_of_record
SF:lib/domain/usecases/search_tv_series.dart
DA:9,1
DA:13,1
DA:14,2
LF:3
LH:3
end_of_record
SF:lib/domain/usecases/save_watchlist.dart
DA:9,1
DA:11,1
DA:12,2
LF:3
LH:3
end_of_record
SF:lib/domain/usecases/get_movie_detail.dart
DA:9,1
DA:11,1
DA:12,2
LF:3
LH:3
end_of_record
SF:lib/domain/usecases/get_airing_tv_series.dart
DA:9,1
DA:15,1
DA:16,2
LF:3
LH:3
end_of_record
SF:lib/domain/usecases/get_movie_recommendations.dart
DA:9,1
DA:11,1
DA:12,2
LF:3
LH:3
end_of_record
SF:lib/domain/usecases/get_watchlist_tv_series.dart
DA:9,1
DA:11,1
DA:12,2
LF:3
LH:3
end_of_record
SF:lib/domain/usecases/get_watchlist_movies.dart
DA:9,1
DA:11,1
DA:12,2
LF:3
LH:3
end_of_record
SF:lib/domain/usecases/get_now_playing_movies.dart
DA:9,1
DA:11,1
DA:12,2
LF:3
LH:3
end_of_record
SF:lib/domain/usecases/remove_watchlist.dart
DA:9,1
DA:11,1
DA:12,2
LF:3
LH:3
end_of_record
SF:lib/domain/usecases/get_top_rated_tv_series.dart
DA:9,1
DA:13,1
DA:14,2
LF:3
LH:3
end_of_record
SF:lib/domain/usecases/get_popular_movies.dart
DA:9,1
DA:11,1
DA:12,2
LF:3
LH:3
end_of_record
SF:lib/domain/usecases/get_popular_tv_series.dart
DA:8,1
DA:12,1
DA:13,2
LF:3
LH:3
end_of_record
SF:lib/domain/usecases/search_movies.dart
DA:9,1
DA:11,1
DA:12,2
LF:3
LH:3
end_of_record
SF:lib/domain/usecases/get_watchlist_status.dart
DA:6,1
DA:8,1
DA:9,2
LF:3
LH:3
end_of_record
SF:lib/presentation/bloc/tv_series_watchlist/tv_series_watchlist_state.dart
DA:4,1
DA:6,1
DA:7,1
DA:16,1
DA:19,1
DA:20,2
DA:25,1
DA:28,1
DA:29,2
DA:34,1
DA:38,1
DA:39,2
LF:12
LH:12
end_of_record
SF:lib/presentation/bloc/tv_series_watchlist/tv_series_watchlist_event.dart
DA:4,1
DA:6,0
DA:7,0
DA:14,1
DA:18,0
DA:19,0
DA:24,1
DA:27,0
DA:28,0
LF:9
LH:3
end_of_record
SF:lib/presentation/bloc/tv_series_watchlist/tv_series_watchlist_bloc.dart
DA:20,1
DA:24,2
DA:25,2
DA:26,2
DA:27,2
DA:28,1
DA:29,4
DA:30,3
DA:34,2
DA:35,2
DA:36,3
DA:37,1
DA:38,4
DA:39,3
DA:43,2
DA:44,2
DA:45,3
DA:46,1
DA:47,4
DA:48,3
LF:20
LH:20
end_of_record
SF:lib/presentation/bloc/movie_top_rated/movie_top_rated_state.dart
DA:4,1
DA:6,1
DA:7,1
DA:16,1
DA:19,1
DA:20,2
DA:25,1
DA:29,1
DA:30,2
LF:9
LH:9
end_of_record
SF:lib/presentation/bloc/movie_top_rated/movie_top_rated_bloc.dart
DA:13,1
DA:15,2
DA:16,2
DA:17,2
DA:18,2
DA:19,1
DA:20,4
DA:21,3
LF:8
LH:8
end_of_record
SF:lib/presentation/bloc/movie_top_rated/movie_top_rated_event.dart
DA:4,1
DA:6,0
DA:7,0
LF:3
LH:1
end_of_record
SF:lib/presentation/bloc/movie_now_playing/movie_now_playing_state.dart
DA:4,1
DA:6,1
DA:7,1
DA:16,1
DA:19,1
DA:20,2
DA:25,1
DA:29,1
DA:30,2
LF:9
LH:9
end_of_record
SF:lib/presentation/bloc/movie_now_playing/movie_now_playing_event.dart
DA:4,1
DA:6,0
DA:7,0
LF:3
LH:1
end_of_record
SF:lib/presentation/bloc/movie_now_playing/movie_now_playing_bloc.dart
DA:14,1
DA:16,2
DA:17,2
DA:18,2
DA:19,2
DA:20,1
DA:21,4
DA:22,3
LF:8
LH:8
end_of_record
SF:lib/presentation/bloc/movie_watchlist/movie_watchlist_event.dart
DA:4,1
DA:6,0
DA:7,0
DA:14,1
DA:18,0
DA:19,0
DA:24,1
DA:27,0
DA:28,0
LF:9
LH:3
end_of_record
SF:lib/presentation/bloc/movie_watchlist/movie_watchlist_bloc.dart
DA:19,1
DA:23,2
DA:24,2
DA:25,2
DA:26,2
DA:27,1
DA:28,4
DA:29,3
DA:33,2
DA:34,2
DA:35,3
DA:36,1
DA:37,4
DA:38,3
DA:42,2
DA:43,2
DA:44,3
DA:45,1
DA:46,4
DA:47,3
LF:20
LH:20
end_of_record
SF:lib/presentation/bloc/movie_watchlist/movie_watchlist_state.dart
DA:4,1
DA:6,1
DA:7,1
DA:16,1
DA:19,1
DA:20,2
DA:25,1
DA:28,1
DA:29,2
DA:34,1
DA:38,1
DA:39,2
LF:12
LH:12
end_of_record
SF:lib/presentation/bloc/tv_series_popular/tv_series_popular_event.dart
DA:4,1
DA:6,0
DA:7,0
LF:3
LH:1
end_of_record
SF:lib/presentation/bloc/tv_series_popular/tv_series_popular_bloc.dart
DA:14,1
DA:16,2
DA:17,2
DA:18,2
DA:19,2
DA:20,1
DA:21,4
DA:22,3
LF:8
LH:8
end_of_record
SF:lib/presentation/bloc/tv_series_popular/tv_series_popular_state.dart
DA:4,1
DA:6,1
DA:7,1
DA:16,1
DA:19,1
DA:20,2
DA:25,1
DA:29,1
DA:30,2
LF:9
LH:9
end_of_record
SF:lib/presentation/bloc/tv_series_airing/tv_series_airing_bloc.dart
DA:13,1
DA:15,2
DA:16,2
DA:17,2
DA:18,2
DA:19,1
DA:20,4
DA:21,3
LF:8
LH:8
end_of_record
SF:lib/presentation/bloc/tv_series_airing/tv_series_airing_state.dart
DA:4,1
DA:6,1
DA:7,1
DA:16,1
DA:19,1
DA:20,2
DA:25,1
DA:29,1
DA:30,2
LF:9
LH:9
end_of_record
SF:lib/presentation/bloc/tv_series_airing/tv_series_airing_event.dart
DA:4,1
DA:6,0
DA:7,0
LF:3
LH:1
end_of_record
SF:lib/presentation/bloc/tv_series_top_rated/tv_series_top_rated_state.dart
DA:4,1
DA:6,1
DA:7,1
DA:16,1
DA:19,1
DA:20,2
DA:25,1
DA:29,1
DA:30,2
LF:9
LH:9
end_of_record
SF:lib/presentation/bloc/tv_series_top_rated/tv_series_top_rated_bloc.dart
DA:14,1
DA:16,2
DA:17,2
DA:18,2
DA:19,2
DA:20,1
DA:21,4
DA:22,3
LF:8
LH:8
end_of_record
SF:lib/presentation/bloc/tv_series_top_rated/tv_series_top_rated_event.dart
DA:4,1
DA:6,0
DA:7,0
LF:3
LH:1
end_of_record
SF:lib/presentation/bloc/movie_detail/movie_detail_event.dart
DA:4,1
DA:6,0
DA:7,0
DA:12,1
DA:16,0
DA:17,0
LF:6
LH:2
end_of_record
SF:lib/presentation/bloc/movie_detail/movie_detail_state.dart
DA:4,1
DA:6,1
DA:7,1
DA:16,1
DA:20,1
DA:21,2
DA:28,1
DA:34,1
DA:35,4
LF:9
LH:9
end_of_record
SF:lib/presentation/bloc/movie_detail/movie_detail_bloc.dart
DA:17,1
DA:21,2
DA:22,2
DA:23,2
DA:24,3
DA:26,3
DA:27,3
DA:29,1
DA:30,2
DA:31,2
DA:33,2
DA:34,4
DA:35,3
LF:13
LH:13
end_of_record
SF:lib/presentation/bloc/movie_popular/movie_popular_state.dart
DA:4,1
DA:6,1
DA:7,1
DA:16,1
DA:19,1
DA:20,2
DA:25,1
DA:29,1
DA:30,2
LF:9
LH:9
end_of_record
SF:lib/presentation/bloc/movie_popular/movie_popular_event.dart
DA:4,1
DA:6,0
DA:7,0
LF:3
LH:1
end_of_record
SF:lib/presentation/bloc/movie_popular/movie_popular_bloc.dart
DA:13,1
DA:15,2
DA:16,2
DA:17,2
DA:18,2
DA:19,1
DA:20,4
DA:21,3
LF:8
LH:8
end_of_record
SF:lib/presentation/bloc/tv_series_search/tv_series_search_state.dart
DA:4,1
DA:6,1
DA:7,1
DA:16,1
DA:19,1
DA:20,2
DA:25,1
DA:29,1
DA:30,2
LF:9
LH:9
end_of_record
SF:lib/presentation/bloc/tv_series_search/tv_series_search_event.dart
DA:4,1
DA:6,0
DA:7,0
DA:12,1
DA:16,0
DA:17,0
LF:6
LH:2
end_of_record
SF:lib/presentation/bloc/tv_series_search/tv_series_search_bloc.dart
DA:14,1
DA:16,2
DA:17,2
DA:18,2
DA:19,3
DA:20,1
DA:21,4
DA:22,3
LF:8
LH:8
end_of_record
SF:lib/presentation/bloc/movie_search/movie_search_state.dart
DA:4,1
DA:6,1
DA:7,1
DA:16,1
DA:19,1
DA:20,2
DA:25,1
DA:29,1
DA:30,2
LF:9
LH:9
end_of_record
SF:lib/presentation/bloc/movie_search/movie_search_event.dart
DA:4,1
DA:6,0
DA:7,0
DA:12,1
DA:15,0
DA:16,0
LF:6
LH:2
end_of_record
SF:lib/presentation/bloc/movie_search/movie_search_bloc.dart
DA:13,1
DA:15,2
DA:16,2
DA:17,2
DA:18,3
DA:19,1
DA:20,4
DA:21,3
LF:8
LH:8
end_of_record
